<?xml version="1.0" encoding="UTF-8"?>
<testng-results ignored="0" total="1" passed="1" failed="0" skipped="0">
  <reporter-output>
    <line>
      <![CDATA[Setting up reports and test is getting ready]]>
    </line>
    <line>
      <![CDATA[Setting done and testing can be started]]>
    </line>
  </reporter-output>
  <suite started-at="2021-08-26T17:39:04 CEST" name="Suite" finished-at="2021-08-26T17:39:17 CEST" duration-ms="12871">
    <groups>
    </groups>
    <test started-at="2021-08-26T17:39:04 CEST" name="Test" finished-at="2021-08-26T17:39:17 CEST" duration-ms="12871">
      <class name="com.testautomation.testcases.LoginTestCRM">
        <test-method is-config="true" signature="setupSuite()[pri:0, instance:com.testautomation.testcases.LoginTestCRM@47e2e487]" started-at="2021-08-26T17:39:03 CEST" name="setupSuite" finished-at="2021-08-26T17:39:04 CEST" duration-ms="613" status="PASS">
          <reporter-output>
            <line>
              <![CDATA[Setting up reports and test is getting ready]]>
            </line>
            <line>
              <![CDATA[Setting done and testing can be started]]>
            </line>
          </reporter-output>
        </test-method> <!-- setupSuite -->
        <test-method is-config="true" signature="setup()[pri:0, instance:com.testautomation.testcases.LoginTestCRM@47e2e487]" started-at="2021-08-26T17:39:04 CEST" name="setup" finished-at="2021-08-26T17:39:12 CEST" duration-ms="8347" status="PASS">
          <reporter-output>
          </reporter-output>
        </test-method> <!-- setup -->
        <test-method signature="loginApp()[pri:1, instance:com.testautomation.testcases.LoginTestCRM@47e2e487]" started-at="2021-08-26T17:39:12 CEST" name="loginApp" finished-at="2021-08-26T17:39:15 CEST" duration-ms="2329" status="PASS">
          <reporter-output>
          </reporter-output>
        </test-method> <!-- loginApp -->
        <test-method is-config="true" signature="tearDownMethod(org.testng.ITestResult)[pri:0, instance:com.testautomation.testcases.LoginTestCRM@47e2e487]" started-at="2021-08-26T17:39:15 CEST" name="tearDownMethod" finished-at="2021-08-26T17:39:15 CEST" duration-ms="327" status="PASS">
          <params>
            <param index="0">
              <value>
                <![CDATA[[TestResult name=loginApp status=SUCCESS method=LoginTestCRM.loginApp()[pri:1, instance:com.testautomation.testcases.LoginTestCRM@47e2e487] output={null}]]]>
              </value>
            </param>
          </params>
          <reporter-output>
          </reporter-output>
        </test-method> <!-- tearDownMethod -->
        <test-method is-config="true" signature="teardown()[pri:0, instance:com.testautomation.testcases.LoginTestCRM@47e2e487]" started-at="2021-08-26T17:39:15 CEST" name="teardown" finished-at="2021-08-26T17:39:17 CEST" duration-ms="1835" status="PASS">
          <reporter-output>
          </reporter-output>
        </test-method> <!-- teardown -->
      </class> <!-- com.testautomation.testcases.LoginTestCRM -->
    </test> <!-- Test -->
  </suite> <!-- Suite -->
</testng-results>
